# JRE version: Java(TM) SE Runtime Environment 18.9 (11.0.10+8) (build 11.0.10+8-LTS-162)
# Java VM: Java HotSpot(TM) 64-Bit Server VM 18.9 (11.0.10+8-LTS-162, mixed mode, tiered, compressed oops, g1 gc, windows-amd64)
Heap:
 garbage-first heap   total 129024K, used 34645K [0x0000000082400000, 0x0000000100000000)
  region size 1024K, 26 young (26624K), 5 survivors (5120K)
 Metaspace       used 22277K, capacity 22700K, committed 22960K, reserved 1069056K
  class space    used 2280K, capacity 2458K, committed 2560K, reserved 1048576K
GC Heap History (8 events):
Event: 0.473 GC heap before
{Heap before GC invocations=0 (full 0):
 garbage-first heap   total 129024K, used 23552K [0x0000000082400000, 0x0000000100000000)
  region size 1024K, 24 young (24576K), 0 survivors (0K)
 Metaspace       used 12704K, capacity 12853K, committed 12928K, reserved 1060864K
  class space    used 1279K, capacity 1348K, committed 1408K, reserved 1048576K
}
Event: 0.477 GC heap after
{Heap after GC invocations=1 (full 0):
 garbage-first heap   total 129024K, used 3563K [0x0000000082400000, 0x0000000100000000)
  region size 1024K, 3 young (3072K), 3 survivors (3072K)
 Metaspace       used 12704K, capacity 12853K, committed 12928K, reserved 1060864K
  class space    used 1279K, capacity 1348K, committed 1408K, reserved 1048576K
}
Event: 1.274 GC heap before
{Heap before GC invocations=1 (full 0):
 garbage-first heap   total 129024K, used 77291K [0x0000000082400000, 0x0000000100000000)
  region size 1024K, 75 young (76800K), 3 survivors (3072K)
 Metaspace       used 20649K, capacity 20970K, committed 21120K, reserved 1069056K
  class space    used 2188K, capacity 2311K, committed 2432K, reserved 1048576K
}
Event: 1.286 GC heap after
{Heap after GC invocations=2 (full 0):
 garbage-first heap   total 129024K, used 10107K [0x0000000082400000, 0x0000000100000000)
  region size 1024K, 10 young (10240K), 10 survivors (10240K)
 Metaspace       used 20649K, capacity 20970K, committed 21120K, reserved 1069056K
  class space    used 2188K, capacity 2311K, committed 2432K, reserved 1048576K
}
Event: 1.390 GC heap before
{Heap before GC invocations=2 (full 0):
 garbage-first heap   total 129024K, used 25467K [0x0000000082400000, 0x0000000100000000)
  region size 1024K, 26 young (26624K), 10 survivors (10240K)
 Metaspace       used 20844K, capacity 21111K, committed 21296K, reserved 1069056K
  class space    used 2192K, capacity 2315K, committed 2432K, reserved 1048576K
}
Event: 1.402 GC heap after
{Heap after GC invocations=3 (full 0):
 garbage-first heap   total 129024K, used 11420K [0x0000000082400000, 0x0000000100000000)
  region size 1024K, 2 young (2048K), 2 survivors (2048K)
 Metaspace       used 20844K, capacity 21111K, committed 21296K, reserved 1069056K
  class space    used 2192K, capacity 2315K, committed 2432K, reserved 1048576K
}
Event: 1.809 GC heap before
{Heap before GC invocations=4 (full 0):
 garbage-first heap   total 129024K, used 81052K [0x0000000082400000, 0x0000000100000000)
  region size 1024K, 70 young (71680K), 2 survivors (2048K)
 Metaspace       used 21621K, capacity 21898K, committed 22064K, reserved 1069056K
  class space    used 2208K, capacity 2320K, committed 2432K, reserved 1048576K
}
Event: 1.813 GC heap after
{Heap after GC invocations=5 (full 0):
 garbage-first heap   total 129024K, used 14165K [0x0000000082400000, 0x0000000100000000)
  region size 1024K, 5 young (5120K), 5 survivors (5120K)
 Metaspace       used 21621K, capacity 21898K, committed 22064K, reserved 1069056K
  class space    used 2208K, capacity 2320K, committed 2432K, reserved 1048576K
}

